[0m09:16:51.647084 [debug] [MainThread]: Sending event: {'category': 'dbt', 'action': 'invocation', 'label': 'start', 'context': [<snowplow_tracker.self_describing_json.SelfDescribingJson object at 0x10568d3a0>, <snowplow_tracker.self_describing_json.SelfDescribingJson object at 0x10381cb60>, <snowplow_tracker.self_describing_json.SelfDescribingJson object at 0x10381cb90>]}


============================== 09:16:51.649742 | 2f60dd8f-36ea-431e-8c13-0f3dfe4dd8be ==============================
[0m09:16:51.649742 [info ] [MainThread]: Running with dbt=1.8.4
[0m09:16:51.650084 [debug] [MainThread]: running dbt with arguments {'printer_width': '80', 'indirect_selection': 'eager', 'write_json': 'True', 'log_cache_events': 'False', 'partial_parse': 'True', 'cache_selected_only': 'False', 'warn_error': 'None', 'debug': 'False', 'profiles_dir': '/Users/evan-datum/.dbt', 'log_path': 'logs', 'version_check': 'True', 'fail_fast': 'False', 'use_colors': 'True', 'use_experimental_parser': 'False', 'empty': 'None', 'quiet': 'False', 'no_print': 'None', 'log_format': 'default', 'static_parser': 'True', 'introspect': 'True', 'invocation_command': 'dbt init', 'target_path': 'None', 'warn_error_options': 'WarnErrorOptions(include=[], exclude=[])', 'send_anonymous_usage_stats': 'True'}
[0m09:16:51.658171 [warn ] [MainThread]: [ConfigFolderDirectory]: Unable to parse dict {'dir': PosixPath('/Users/evan-datum/.dbt')}
[0m09:16:51.658444 [info ] [MainThread]: Creating dbt configuration folder at 
[0m09:18:16.680880 [debug] [MainThread]: Starter project path: /Users/evan-datum/Documents/Personal/Data Science/Learning Projects/elt-pipeline-airflow-dbt-snowflake/base/lib/python3.12/site-packages/dbt/include/starter_project
[0m09:18:16.688464 [info ] [MainThread]: 
Your new dbt project "elt_pipeline_airflow_dbt_snowflake" was created!

For more information on how to configure the profiles.yml file,
please consult the dbt documentation here:

  https://docs.getdbt.com/docs/configure-your-profile

One more thing:

Need help? Don't hesitate to reach out to us via GitHub issues or on Slack:

  https://community.getdbt.com/

Happy modeling!

[0m09:18:16.689020 [info ] [MainThread]: Setting up your profile.
[0m09:19:25.058112 [info ] [MainThread]: Profile elt_pipeline_airflow_dbt_snowflake written to /Users/evan-datum/.dbt/profiles.yml using target's profile_template.yml and your supplied values. Run 'dbt debug' to validate the connection.
[0m09:19:25.106175 [debug] [MainThread]: Resource report: {"command_name": "init", "command_success": true, "command_wall_clock_time": 153.49377, "process_user_time": 0.775623, "process_kernel_time": 0.197495, "process_mem_max_rss": "107757568", "process_in_blocks": "0", "process_out_blocks": "0"}
[0m09:19:25.107588 [debug] [MainThread]: Command `dbt init` succeeded at 09:19:25.107213 after 153.50 seconds
[0m09:19:25.108465 [debug] [MainThread]: Sending event: {'category': 'dbt', 'action': 'invocation', 'label': 'end', 'context': [<snowplow_tracker.self_describing_json.SelfDescribingJson object at 0x10568d3a0>, <snowplow_tracker.self_describing_json.SelfDescribingJson object at 0x1066dc2c0>, <snowplow_tracker.self_describing_json.SelfDescribingJson object at 0x105bfb470>]}
[0m09:19:25.109013 [debug] [MainThread]: Flushing usage events
[0m13:55:47.488760 [debug] [MainThread]: Sending event: {'category': 'dbt', 'action': 'invocation', 'label': 'start', 'context': [<snowplow_tracker.self_describing_json.SelfDescribingJson object at 0x105b23dd0>, <snowplow_tracker.self_describing_json.SelfDescribingJson object at 0x1066205c0>, <snowplow_tracker.self_describing_json.SelfDescribingJson object at 0x1066201d0>]}


============================== 13:55:47.491437 | 3617e091-9d3f-45e9-9fbb-8be760b68e83 ==============================
[0m13:55:47.491437 [info ] [MainThread]: Running with dbt=1.8.4
[0m13:55:47.491771 [debug] [MainThread]: running dbt with arguments {'printer_width': '80', 'indirect_selection': 'eager', 'write_json': 'True', 'log_cache_events': 'False', 'partial_parse': 'True', 'cache_selected_only': 'False', 'profiles_dir': '/Users/evan-datum/.dbt', 'debug': 'False', 'warn_error': 'None', 'log_path': 'logs', 'version_check': 'True', 'fail_fast': 'False', 'use_colors': 'True', 'use_experimental_parser': 'False', 'empty': 'False', 'quiet': 'False', 'no_print': 'None', 'warn_error_options': 'WarnErrorOptions(include=[], exclude=[])', 'static_parser': 'True', 'log_format': 'default', 'invocation_command': 'dbt run', 'target_path': 'None', 'introspect': 'True', 'send_anonymous_usage_stats': 'True'}
[0m13:55:47.492065 [error] [MainThread]: Encountered an error:
Runtime Error
  No dbt_project.yml found at expected path /Users/evan-datum/Documents/Personal/Data Science/Learning Projects/elt-pipeline-airflow-dbt-snowflake/dbt_project.yml
  Verify that each entry within packages.yml (and their transitive dependencies) contains a file named dbt_project.yml
  
[0m13:55:47.493457 [debug] [MainThread]: Resource report: {"command_name": "run", "command_wall_clock_time": 0.0345175, "process_user_time": 0.558018, "process_kernel_time": 0.103967, "process_mem_max_rss": "91340800", "command_success": false, "process_in_blocks": "0", "process_out_blocks": "0"}
[0m13:55:47.493766 [debug] [MainThread]: Command `dbt run` failed at 13:55:47.493719 after 0.03 seconds
[0m13:55:47.493944 [debug] [MainThread]: Sending event: {'category': 'dbt', 'action': 'invocation', 'label': 'end', 'context': [<snowplow_tracker.self_describing_json.SelfDescribingJson object at 0x1059ba9f0>, <snowplow_tracker.self_describing_json.SelfDescribingJson object at 0x1065f3c20>, <snowplow_tracker.self_describing_json.SelfDescribingJson object at 0x106187170>]}
[0m13:55:47.494109 [debug] [MainThread]: Flushing usage events
[0m14:28:27.242439 [debug] [MainThread]: Sending event: {'category': 'dbt', 'action': 'invocation', 'label': 'start', 'context': [<snowplow_tracker.self_describing_json.SelfDescribingJson object at 0x103eaa420>, <snowplow_tracker.self_describing_json.SelfDescribingJson object at 0x103318ce0>, <snowplow_tracker.self_describing_json.SelfDescribingJson object at 0x103318cb0>]}


============================== 14:28:27.245117 | 381d033b-f217-4ec4-8c9d-9ce14c2dcb56 ==============================
[0m14:28:27.245117 [info ] [MainThread]: Running with dbt=1.8.4
[0m14:28:27.245481 [debug] [MainThread]: running dbt with arguments {'printer_width': '80', 'indirect_selection': 'eager', 'write_json': 'True', 'log_cache_events': 'False', 'partial_parse': 'True', 'cache_selected_only': 'False', 'warn_error': 'None', 'debug': 'False', 'version_check': 'True', 'log_path': 'logs', 'fail_fast': 'False', 'profiles_dir': '/Users/evan-datum/.dbt', 'use_colors': 'True', 'use_experimental_parser': 'False', 'no_print': 'None', 'quiet': 'False', 'empty': 'None', 'warn_error_options': 'WarnErrorOptions(include=[], exclude=[])', 'invocation_command': 'dbt init', 'log_format': 'default', 'static_parser': 'True', 'target_path': 'None', 'introspect': 'True', 'send_anonymous_usage_stats': 'True'}
[0m14:28:34.466265 [debug] [MainThread]: Starter project path: /Users/evan-datum/Documents/Personal/Data Science/Learning Projects/elt-pipeline-airflow-dbt-snowflake/base/lib/python3.12/site-packages/dbt/include/starter_project
[0m14:28:34.475716 [info ] [MainThread]: 
Your new dbt project "data_pipeline" was created!

For more information on how to configure the profiles.yml file,
please consult the dbt documentation here:

  https://docs.getdbt.com/docs/configure-your-profile

One more thing:

Need help? Don't hesitate to reach out to us via GitHub issues or on Slack:

  https://community.getdbt.com/

Happy modeling!

[0m14:28:34.476278 [info ] [MainThread]: Setting up your profile.
[0m14:29:06.622929 [info ] [MainThread]: Profile data_pipeline written to /Users/evan-datum/.dbt/profiles.yml using target's profile_template.yml and your supplied values. Run 'dbt debug' to validate the connection.
[0m14:29:06.627970 [debug] [MainThread]: Resource report: {"command_name": "init", "command_success": true, "command_wall_clock_time": 39.416286, "process_user_time": 0.681172, "process_kernel_time": 0.165507, "process_mem_max_rss": "112754688", "process_in_blocks": "0", "process_out_blocks": "0"}
[0m14:29:06.629256 [debug] [MainThread]: Command `dbt init` succeeded at 14:29:06.629011 after 39.42 seconds
[0m14:29:06.630158 [debug] [MainThread]: Sending event: {'category': 'dbt', 'action': 'invocation', 'label': 'end', 'context': [<snowplow_tracker.self_describing_json.SelfDescribingJson object at 0x103faff50>, <snowplow_tracker.self_describing_json.SelfDescribingJson object at 0x104f4fef0>, <snowplow_tracker.self_describing_json.SelfDescribingJson object at 0x104daf260>]}
[0m14:29:06.630771 [debug] [MainThread]: Flushing usage events
